<?xml version="1.0" encoding="UTF-8"?>
<!-- Generated by org.testng.reporters.JUnitReportReporter -->
<testsuite skipped="0" hostname="LAPTOP-20464U94" name="regression.Tesngdemo" tests="3" failures="0" timestamp="22 Aug 2020 17:10:58 GMT" time="0.058" errors="0">
  <testcase name="logintest" time="0.014" classname="regression.Tesngdemo"/>
  <testcase name="addpayeetest" time="0.034" classname="regression.Tesngdemo"/>
  <testcase name="test1" time="0.010" classname="regression.Tesngdemo"/>
</testsuite> <!-- regression.Tesngdemo -->
