<?xml version="1.0" encoding="UTF-8"?>
<!-- Generated by org.testng.reporters.JUnitReportReporter -->
<testsuite skipped="0" hostname="LAPTOP-20464U94" name="regression.TC001verifyLogin" tests="1" failures="0" timestamp="12 Sep 2020 18:22:16 GMT" time="10.170" errors="0">
  <testcase name="verifylogin" time="10.170" classname="regression.TC001verifyLogin"/>
</testsuite> <!-- regression.TC001verifyLogin -->
